The default version of TensorFlow in Colab will soon switch to TensorFlow 2.x.
We recommend you upgrade now or ensure your notebook will continue to use TensorFlow 1.x via the %tensorflow_version 1.x magic: more info.
1.15.0
2.2.4-tf
Downloading data from https://www.cs.toronto.edu/~kriz/cifar-100-python.tar.gz
169009152/169001437 [==============================] - 8s 0us/step
<tensorflow.python.keras.engine.sequential.Sequential object at 0x7fc1c28b7c50>
Model: "sequential_1"
_________________________________________________________________
Layer (type)                 Output Shape              Param #   
=================================================================
conv2d_4 (Conv2D)            (None, 15, 15, 64)        3136      
_________________________________________________________________
batch_normalization_3 (Batch (None, 15, 15, 64)        256       
_________________________________________________________________
activation_2 (Activation)    (None, 15, 15, 64)        0         
_________________________________________________________________
conv2d_5 (Conv2D)            (None, 6, 6, 128)         131200    
_________________________________________________________________
batch_normalization_4 (Batch (None, 6, 6, 128)         512       
_________________________________________________________________
activation_3 (Activation)    (None, 6, 6, 128)         0         
_________________________________________________________________
conv2d_6 (Conv2D)            (None, 6, 6, 256)         33024     
_________________________________________________________________
batch_normalization_5 (Batch (None, 6, 6, 256)         1024      
_________________________________________________________________
conv2d_7 (Conv2D)            (None, 6, 6, 256)         65792     
_________________________________________________________________
flatten_1 (Flatten)          (None, 9216)              0         
_________________________________________________________________
dense_2 (Dense)              (None, 100)               921700    
=================================================================
Total params: 1,156,644
Trainable params: 1,155,748
Non-trainable params: 896
_________________________________________________________________
None
Train on 50000 samples
Epoch 1/50
50000/50000 [==============================] - 5s 95us/sample - loss: 3.6458 - acc: 0.1848
Epoch 2/50
50000/50000 [==============================] - 5s 91us/sample - loss: 3.0102 - acc: 0.2894
Epoch 3/50
50000/50000 [==============================] - 5s 91us/sample - loss: 2.6532 - acc: 0.3575
Epoch 4/50
50000/50000 [==============================] - 5s 91us/sample - loss: 2.3781 - acc: 0.4141
Epoch 5/50
50000/50000 [==============================] - 5s 91us/sample - loss: 2.1306 - acc: 0.4614
Epoch 6/50
50000/50000 [==============================] - 5s 91us/sample - loss: 1.9071 - acc: 0.5070
Epoch 7/50
50000/50000 [==============================] - 5s 92us/sample - loss: 1.6736 - acc: 0.5571
Epoch 8/50
50000/50000 [==============================] - 5s 90us/sample - loss: 1.4569 - acc: 0.6041
Epoch 9/50
50000/50000 [==============================] - 5s 92us/sample - loss: 1.2519 - acc: 0.6524
Epoch 10/50
50000/50000 [==============================] - 5s 92us/sample - loss: 1.0765 - acc: 0.6931
Epoch 11/50
50000/50000 [==============================] - 5s 92us/sample - loss: 0.9198 - acc: 0.7335
Epoch 12/50
50000/50000 [==============================] - 5s 91us/sample - loss: 0.8060 - acc: 0.7614
Epoch 13/50
50000/50000 [==============================] - 5s 92us/sample - loss: 0.6863 - acc: 0.7936
Epoch 14/50
50000/50000 [==============================] - 5s 92us/sample - loss: 0.6351 - acc: 0.8091
Epoch 15/50
50000/50000 [==============================] - 5s 92us/sample - loss: 0.5551 - acc: 0.8292
Epoch 16/50
50000/50000 [==============================] - 5s 91us/sample - loss: 0.5098 - acc: 0.8423
Epoch 17/50
50000/50000 [==============================] - 5s 92us/sample - loss: 0.4646 - acc: 0.8564
Epoch 18/50
50000/50000 [==============================] - 5s 91us/sample - loss: 0.4219 - acc: 0.8689
Epoch 19/50
50000/50000 [==============================] - 5s 92us/sample - loss: 0.4106 - acc: 0.8721
Epoch 20/50
50000/50000 [==============================] - 5s 91us/sample - loss: 0.3631 - acc: 0.8856
Epoch 21/50
50000/50000 [==============================] - 5s 92us/sample - loss: 0.3392 - acc: 0.8933
Epoch 22/50
50000/50000 [==============================] - 5s 93us/sample - loss: 0.3299 - acc: 0.8967
Epoch 23/50
50000/50000 [==============================] - 5s 94us/sample - loss: 0.3149 - acc: 0.9016
Epoch 24/50
50000/50000 [==============================] - 5s 91us/sample - loss: 0.2977 - acc: 0.9076
Epoch 25/50
50000/50000 [==============================] - 5s 91us/sample - loss: 0.2675 - acc: 0.9167
Epoch 26/50
50000/50000 [==============================] - 5s 90us/sample - loss: 0.2711 - acc: 0.9147
Epoch 27/50
50000/50000 [==============================] - 5s 91us/sample - loss: 0.2610 - acc: 0.9172
Epoch 28/50
50000/50000 [==============================] - 5s 91us/sample - loss: 0.2395 - acc: 0.9260
Epoch 29/50
50000/50000 [==============================] - 5s 91us/sample - loss: 0.2462 - acc: 0.9243
Epoch 30/50
50000/50000 [==============================] - 5s 90us/sample - loss: 0.2292 - acc: 0.9291
Epoch 31/50
50000/50000 [==============================] - 5s 91us/sample - loss: 0.2171 - acc: 0.9328
Epoch 32/50
50000/50000 [==============================] - 4s 90us/sample - loss: 0.2141 - acc: 0.9323
Epoch 33/50
50000/50000 [==============================] - 5s 90us/sample - loss: 0.2092 - acc: 0.9350
Epoch 34/50
50000/50000 [==============================] - 5s 91us/sample - loss: 0.2097 - acc: 0.9357
Epoch 35/50
50000/50000 [==============================] - 5s 90us/sample - loss: 0.1917 - acc: 0.9414
Epoch 36/50
50000/50000 [==============================] - 5s 91us/sample - loss: 0.1969 - acc: 0.9370
Epoch 37/50
50000/50000 [==============================] - 5s 91us/sample - loss: 0.1861 - acc: 0.9416
Epoch 38/50
50000/50000 [==============================] - 5s 91us/sample - loss: 0.1827 - acc: 0.9432
Epoch 39/50
50000/50000 [==============================] - 5s 91us/sample - loss: 0.1844 - acc: 0.9427
Epoch 40/50
50000/50000 [==============================] - 5s 91us/sample - loss: 0.1619 - acc: 0.9493
Epoch 41/50
50000/50000 [==============================] - 5s 91us/sample - loss: 0.1788 - acc: 0.9445
Epoch 42/50
50000/50000 [==============================] - 5s 90us/sample - loss: 0.1694 - acc: 0.9471
Epoch 43/50
50000/50000 [==============================] - 5s 90us/sample - loss: 0.1608 - acc: 0.9508
Epoch 44/50
50000/50000 [==============================] - 5s 93us/sample - loss: 0.1544 - acc: 0.9522
Epoch 45/50
50000/50000 [==============================] - 5s 91us/sample - loss: 0.1575 - acc: 0.9516
Epoch 46/50
50000/50000 [==============================] - 5s 90us/sample - loss: 0.1681 - acc: 0.9492
Epoch 47/50
50000/50000 [==============================] - 5s 90us/sample - loss: 0.1433 - acc: 0.9560
Epoch 48/50
50000/50000 [==============================] - 5s 90us/sample - loss: 0.1417 - acc: 0.9559
Epoch 49/50
50000/50000 [==============================] - 5s 91us/sample - loss: 0.1567 - acc: 0.9512
Epoch 50/50
50000/50000 [==============================] - 5s 91us/sample - loss: 0.1432 - acc: 0.9562
<tensorflow.python.keras.callbacks.History at 0x7fc1b015c2e8>
10000/10000 [==============================] - 1s 93us/sample - loss: 9.9880 - acc: 0.2798
0.2798
9.988020747375488